<?xml version="1.0" encoding="UTF-8"?>
<!-- Generated by org.testng.reporters.JUnitXMLReporter -->
<testsuite hostname="LIN76000136" ignored="3" name="TEST 1" tests="1" failures="0" timestamp="16 Jun 2020 15:53:34 GMT" time="10.099" errors="0">
  <testcase name="changeLocationForeignCountry" time="8.278" classname="tests.TestSet1_DeliverToScenarios"/>
  <testcase name="validateUSZipCode" time="0.0" classname="tests.TestSet1_DeliverToScenarios">
    <ignored/>
  </testcase> <!-- validateUSZipCode -->
  <testcase name="changeLocationSignIN" time="0.0" classname="tests.TestSet1_DeliverToScenarios">
    <ignored/>
  </testcase> <!-- changeLocationSignIN -->
  <testcase name="validateInvalidUSZipCode" time="0.0" classname="tests.TestSet1_DeliverToScenarios">
    <ignored/>
  </testcase> <!-- validateInvalidUSZipCode -->
</testsuite> <!-- TEST 1 -->
