<?xml version="1.0" encoding="UTF-8"?>
<testng-results skipped="0" failed="0" ignored="3" total="4" passed="1">
  <reporter-output>
  </reporter-output>
  <suite name="Suite1" duration-ms="10099" started-at="2020-06-16T15:53:24Z" finished-at="2020-06-16T15:53:34Z">
    <groups>
      <group name="ForeignCountry">
        <method signature="TestSet1_DeliverToScenarios.changeLocationForeignCountry()[pri:0, instance:tests.TestSet1_DeliverToScenarios@5679c6c6]" name="changeLocationForeignCountry" class="tests.TestSet1_DeliverToScenarios"/>
      </group> <!-- ForeignCountry -->
    </groups>
    <test name="TEST 1" duration-ms="10099" started-at="2020-06-16T15:53:24Z" finished-at="2020-06-16T15:53:34Z">
      <class name="tests.TestSet1_DeliverToScenarios">
        <test-method status="PASS" signature="beforeSuite()[pri:0, instance:tests.TestSet1_DeliverToScenarios@5679c6c6]" name="beforeSuite" is-config="true" duration-ms="7176" started-at="2020-06-16T15:53:17Z" finished-at="2020-06-16T15:53:24Z">
          <reporter-output>
          </reporter-output>
        </test-method> <!-- beforeSuite -->
        <test-method status="PASS" signature="changeLocationForeignCountry()[pri:0, instance:tests.TestSet1_DeliverToScenarios@5679c6c6]" name="changeLocationForeignCountry" duration-ms="8278" started-at="2020-06-16T15:53:24Z" finished-at="2020-06-16T15:53:33Z">
          <reporter-output>
          </reporter-output>
        </test-method> <!-- changeLocationForeignCountry -->
        <test-method status="PASS" signature="siteRefresh()[pri:0, instance:tests.TestSet1_DeliverToScenarios@5679c6c6]" name="siteRefresh" is-config="true" duration-ms="1716" started-at="2020-06-16T15:53:33Z" finished-at="2020-06-16T15:53:34Z">
          <reporter-output>
          </reporter-output>
        </test-method> <!-- siteRefresh -->
        <test-method status="PASS" signature="afterSuite()[pri:0, instance:tests.TestSet1_DeliverToScenarios@5679c6c6]" name="afterSuite" is-config="true" duration-ms="1356" started-at="2020-06-16T15:53:34Z" finished-at="2020-06-16T15:53:36Z">
          <reporter-output>
          </reporter-output>
        </test-method> <!-- afterSuite -->
      </class> <!-- tests.TestSet1_DeliverToScenarios -->
    </test> <!-- TEST 1 -->
  </suite> <!-- Suite1 -->
</testng-results>
